2020-07-22 17:43:55,628 [Worker-2: Loading available Gradle versions] INFO  o.e.b.c.i.u.g.PublishedGradleVersions - Gradle version information cache is up-to-date. Trying to read.
2020-07-22 17:44:53,280 [Worker-2: Updating Maven Dependencies] INFO  o.e.m.c.i.l.LifecycleMappingFactory - Using org.eclipse.m2e.jdt.JarLifecycleMapping lifecycle mapping for MavenProject: com.Muntasirlab:demoProject:0.0.1-SNAPSHOT @ C:\InstallshieldPipeline\demoProject1\pom.xml.
2020-07-22 17:44:53,993 [Worker-4: Building] INFO  o.e.m.c.i.l.LifecycleMappingFactory - Using org.eclipse.m2e.jdt.JarLifecycleMapping lifecycle mapping for MavenProject: com.Muntasirlab:demoProject:0.0.1-SNAPSHOT @ C:\InstallshieldPipeline\demoProject1\pom.xml.
2020-07-22 17:45:03,357 [Worker-4: Building] INFO  o.e.m.c.i.embedder.EclipseLogger - Using 'UTF-8' encoding to copy filtered resources.
2020-07-22 17:45:03,358 [Worker-4: Building] INFO  o.e.m.c.i.embedder.EclipseLogger - skip non existing resourceDirectory C:\InstallshieldPipeline\demoProject1\src\main\resources
2020-07-22 17:45:03,363 [Worker-4: Building] INFO  o.e.m.c.i.embedder.EclipseLogger - Using 'UTF-8' encoding to copy filtered resources.
2020-07-22 17:45:03,363 [Worker-4: Building] INFO  o.e.m.c.i.embedder.EclipseLogger - skip non existing resourceDirectory C:\InstallshieldPipeline\demoProject1\src\test\resources
2020-07-22 17:45:05,749 [Worker-2: Updating Maven Dependencies] INFO  o.e.m.c.i.l.LifecycleMappingFactory - Using org.eclipse.m2e.jdt.JarLifecycleMapping lifecycle mapping for MavenProject: com.Muntasirlab:demoProject:0.0.1-SNAPSHOT @ C:\InstallshieldPipeline\demoProject1\pom.xml.
2020-07-22 17:45:07,025 [Worker-5: Building] INFO  o.e.m.c.i.embedder.EclipseLogger - Using 'UTF-8' encoding to copy filtered resources.
2020-07-22 17:45:07,025 [Worker-5: Building] INFO  o.e.m.c.i.embedder.EclipseLogger - skip non existing resourceDirectory C:\InstallshieldPipeline\demoProject1\src\main\resources
2020-07-22 17:45:07,028 [Worker-5: Building] INFO  o.e.m.c.i.embedder.EclipseLogger - Using 'UTF-8' encoding to copy filtered resources.
2020-07-22 17:45:07,028 [Worker-5: Building] INFO  o.e.m.c.i.embedder.EclipseLogger - skip non existing resourceDirectory C:\InstallshieldPipeline\demoProject1\src\test\resources
2020-07-22 17:45:09,224 [Worker-7: Building] INFO  o.e.m.c.i.embedder.EclipseLogger - Using 'UTF-8' encoding to copy filtered resources.
2020-07-22 17:45:09,224 [Worker-7: Building] INFO  o.e.m.c.i.embedder.EclipseLogger - skip non existing resourceDirectory C:\InstallshieldPipeline\demoProject1\src\main\resources
2020-07-22 17:45:09,227 [Worker-7: Building] INFO  o.e.m.c.i.embedder.EclipseLogger - Using 'UTF-8' encoding to copy filtered resources.
2020-07-22 17:45:09,227 [Worker-7: Building] INFO  o.e.m.c.i.embedder.EclipseLogger - skip non existing resourceDirectory C:\InstallshieldPipeline\demoProject1\src\test\resources
2020-07-22 17:45:18,897 [Worker-7: Updating Maven Project] INFO  o.e.m.c.i.p.ProjectConfigurationManager - Update started
2020-07-22 17:45:19,397 [Worker-7: Updating Maven Project] INFO  o.e.m.c.i.l.LifecycleMappingFactory - Using org.eclipse.m2e.jdt.JarLifecycleMapping lifecycle mapping for MavenProject: com.Muntasirlab:demoProject:0.0.1-SNAPSHOT @ C:\InstallshieldPipeline\demoProject1\pom.xml.
2020-07-22 17:45:20,616 [Worker-7: Updating Maven Project] INFO  o.e.m.j.i.AbstractJavaProjectConfigurator - Adding source folder /demoProject1/src/main/java
2020-07-22 17:45:20,618 [Worker-7: Updating Maven Project] INFO  o.e.m.j.i.AbstractJavaProjectConfigurator - Adding source folder /demoProject1/src/test/java
2020-07-22 17:45:20,871 [Worker-7: Updating Maven Project] INFO  o.e.m.c.i.p.ProjectConfigurationManager - Update completed: 1 sec
2020-07-22 17:45:22,202 [Worker-4: Building] INFO  o.e.m.c.i.embedder.EclipseLogger - Using 'UTF-8' encoding to copy filtered resources.
2020-07-22 17:45:22,203 [Worker-4: Building] INFO  o.e.m.c.i.embedder.EclipseLogger - skip non existing resourceDirectory C:\InstallshieldPipeline\demoProject1\src\main\resources
2020-07-22 17:45:22,207 [Worker-4: Building] INFO  o.e.m.c.i.embedder.EclipseLogger - Using 'UTF-8' encoding to copy filtered resources.
2020-07-22 17:45:22,207 [Worker-4: Building] INFO  o.e.m.c.i.embedder.EclipseLogger - skip non existing resourceDirectory C:\InstallshieldPipeline\demoProject1\src\test\resources
2020-07-22 17:45:51,092 [Worker-6: Launching Executing clean in C__InstallshieldPipeline_demoProject1] INFO  o.e.m.i.launch.MavenLaunchDelegate - C:\InstallshieldPipeline\demoProject1
2020-07-22 17:45:51,093 [Worker-6: Launching Executing clean in C__InstallshieldPipeline_demoProject1] INFO  o.e.m.i.launch.MavenLaunchDelegate -  mvn -B clean
2020-07-22 17:45:54,722 [Worker-1: Building] INFO  o.e.m.c.i.embedder.EclipseLogger - Using 'UTF-8' encoding to copy filtered resources.
2020-07-22 17:45:54,723 [Worker-1: Building] INFO  o.e.m.c.i.embedder.EclipseLogger - skip non existing resourceDirectory C:\InstallshieldPipeline\demoProject1\src\main\resources
2020-07-22 17:45:54,725 [Worker-1: Building] INFO  o.e.m.c.i.embedder.EclipseLogger - Using 'UTF-8' encoding to copy filtered resources.
2020-07-22 17:45:54,725 [Worker-1: Building] INFO  o.e.m.c.i.embedder.EclipseLogger - skip non existing resourceDirectory C:\InstallshieldPipeline\demoProject1\src\test\resources
2020-07-22 17:45:55,778 [Worker-2: Building] INFO  o.e.m.c.i.embedder.EclipseLogger - Using 'UTF-8' encoding to copy filtered resources.
2020-07-22 17:45:55,778 [Worker-2: Building] INFO  o.e.m.c.i.embedder.EclipseLogger - skip non existing resourceDirectory C:\InstallshieldPipeline\demoProject1\src\main\resources
2020-07-22 17:45:55,781 [Worker-2: Building] INFO  o.e.m.c.i.embedder.EclipseLogger - Using 'UTF-8' encoding to copy filtered resources.
2020-07-22 17:45:55,781 [Worker-2: Building] INFO  o.e.m.c.i.embedder.EclipseLogger - skip non existing resourceDirectory C:\InstallshieldPipeline\demoProject1\src\test\resources
2020-07-22 17:46:12,912 [main] INFO  o.e.m2e.actions.ExecutePomAction - Creating new launch configuration
2020-07-22 17:46:30,020 [Worker-6: Launching demoProject1] INFO  o.e.m.i.launch.MavenLaunchDelegate - C:\InstallshieldPipeline\demoProject1
2020-07-22 17:46:30,020 [Worker-6: Launching demoProject1] INFO  o.e.m.i.launch.MavenLaunchDelegate -  mvn -B install
2020-07-22 17:46:57,999 [main] INFO  o.e.m2e.actions.ExecutePomAction - Using existing launch configuration
2020-07-22 17:46:58,200 [Worker-1: Launching demoProject1] INFO  o.e.m.i.launch.MavenLaunchDelegate - C:\InstallshieldPipeline\demoProject1
2020-07-22 17:46:58,201 [Worker-1: Launching demoProject1] INFO  o.e.m.i.launch.MavenLaunchDelegate -  mvn -B install
2020-07-22 17:47:22,029 [main] INFO  o.e.m2e.actions.ExecutePomAction - Creating new launch configuration
2020-07-22 17:47:28,242 [Worker-1: Launching demoProject1 (1)] INFO  o.e.m.i.launch.MavenLaunchDelegate - C:\InstallshieldPipeline\demoProject1
2020-07-22 17:47:28,243 [Worker-1: Launching demoProject1 (1)] INFO  o.e.m.i.launch.MavenLaunchDelegate -  mvn -B compile
2020-07-22 17:47:47,520 [Worker-4: Launching Executing install in C__InstallshieldPipeline_demoProject1] INFO  o.e.m.i.launch.MavenLaunchDelegate - C:\InstallshieldPipeline\demoProject1
2020-07-22 17:47:47,520 [Worker-4: Launching Executing install in C__InstallshieldPipeline_demoProject1] INFO  o.e.m.i.launch.MavenLaunchDelegate -  mvn -B install
2020-07-22 17:47:52,382 [Worker-2: Building] INFO  o.e.m.c.i.embedder.EclipseLogger - Using 'UTF-8' encoding to copy filtered resources.
2020-07-22 17:47:52,382 [Worker-2: Building] INFO  o.e.m.c.i.embedder.EclipseLogger - skip non existing resourceDirectory C:\InstallshieldPipeline\demoProject1\src\main\resources
2020-07-22 17:47:52,385 [Worker-2: Building] INFO  o.e.m.c.i.embedder.EclipseLogger - Using 'UTF-8' encoding to copy filtered resources.
2020-07-22 17:47:52,385 [Worker-2: Building] INFO  o.e.m.c.i.embedder.EclipseLogger - skip non existing resourceDirectory C:\InstallshieldPipeline\demoProject1\src\test\resources
2020-07-22 17:51:25,060 [Worker-5: Building] INFO  o.e.m.c.i.embedder.EclipseLogger - Using 'UTF-8' encoding to copy filtered resources.
2020-07-22 17:51:25,060 [Worker-5: Building] INFO  o.e.m.c.i.embedder.EclipseLogger - skip non existing resourceDirectory C:\InstallshieldPipeline\demoProject1\src\main\resources
2020-07-22 17:51:25,062 [Worker-5: Building] INFO  o.e.m.c.i.embedder.EclipseLogger - Using 'UTF-8' encoding to copy filtered resources.
2020-07-22 17:51:25,063 [Worker-5: Building] INFO  o.e.m.c.i.embedder.EclipseLogger - skip non existing resourceDirectory C:\InstallshieldPipeline\demoProject1\src\test\resources
2020-07-22 17:51:54,385 [Worker-8: Building] INFO  o.e.m.c.i.embedder.EclipseLogger - Using 'UTF-8' encoding to copy filtered resources.
2020-07-22 17:51:54,385 [Worker-8: Building] INFO  o.e.m.c.i.embedder.EclipseLogger - skip non existing resourceDirectory C:\InstallshieldPipeline\demoProject1\src\main\resources
2020-07-22 17:51:54,390 [Worker-8: Building] INFO  o.e.m.c.i.embedder.EclipseLogger - Using 'UTF-8' encoding to copy filtered resources.
2020-07-22 17:51:54,390 [Worker-8: Building] INFO  o.e.m.c.i.embedder.EclipseLogger - skip non existing resourceDirectory C:\InstallshieldPipeline\demoProject1\src\test\resources
2020-07-22 17:52:08,374 [Worker-7: Updating Maven Project] INFO  o.e.m.c.i.p.ProjectConfigurationManager - Update started
2020-07-22 17:52:08,855 [Worker-7: Updating Maven Project] INFO  o.e.m.c.i.l.LifecycleMappingFactory - Using org.eclipse.m2e.jdt.JarLifecycleMapping lifecycle mapping for MavenProject: com.Muntasirlab:demoProject:0.0.1-SNAPSHOT @ C:\InstallshieldPipeline\demoProject1\pom.xml.
2020-07-22 17:52:10,425 [Worker-7: Updating Maven Project] INFO  o.e.m.j.i.AbstractJavaProjectConfigurator - Adding source folder /demoProject1/src/main/java
2020-07-22 17:52:10,426 [Worker-7: Updating Maven Project] INFO  o.e.m.j.i.AbstractJavaProjectConfigurator - Adding source folder /demoProject1/src/test/java
2020-07-22 17:52:10,606 [Worker-7: Updating Maven Project] INFO  o.e.m.c.i.p.ProjectConfigurationManager - Update completed: 2 sec
2020-07-22 17:52:12,004 [Worker-9: Building] INFO  o.e.m.c.i.embedder.EclipseLogger - Using 'UTF-8' encoding to copy filtered resources.
2020-07-22 17:52:12,004 [Worker-9: Building] INFO  o.e.m.c.i.embedder.EclipseLogger - skip non existing resourceDirectory C:\InstallshieldPipeline\demoProject1\src\main\resources
2020-07-22 17:52:12,009 [Worker-9: Building] INFO  o.e.m.c.i.embedder.EclipseLogger - Using 'UTF-8' encoding to copy filtered resources.
2020-07-22 17:52:12,010 [Worker-9: Building] INFO  o.e.m.c.i.embedder.EclipseLogger - skip non existing resourceDirectory C:\InstallshieldPipeline\demoProject1\src\test\resources
2020-07-22 17:52:23,610 [Worker-8: Launching Executing clean in C__InstallshieldPipeline_demoProject1] INFO  o.e.m.i.launch.MavenLaunchDelegate - C:\InstallshieldPipeline\demoProject1
2020-07-22 17:52:23,610 [Worker-8: Launching Executing clean in C__InstallshieldPipeline_demoProject1] INFO  o.e.m.i.launch.MavenLaunchDelegate -  mvn -B clean
2020-07-22 17:52:26,447 [Worker-9: Building] INFO  o.e.m.c.i.embedder.EclipseLogger - Using 'UTF-8' encoding to copy filtered resources.
2020-07-22 17:52:26,448 [Worker-9: Building] INFO  o.e.m.c.i.embedder.EclipseLogger - skip non existing resourceDirectory C:\InstallshieldPipeline\demoProject1\src\main\resources
2020-07-22 17:52:26,449 [Worker-9: Building] INFO  o.e.m.c.i.embedder.EclipseLogger - Using 'UTF-8' encoding to copy filtered resources.
2020-07-22 17:52:26,452 [Worker-9: Building] INFO  o.e.m.c.i.embedder.EclipseLogger - skip non existing resourceDirectory C:\InstallshieldPipeline\demoProject1\src\test\resources
2020-07-22 17:52:27,497 [Worker-0: Building] INFO  o.e.m.c.i.embedder.EclipseLogger - Using 'UTF-8' encoding to copy filtered resources.
2020-07-22 17:52:27,498 [Worker-0: Building] INFO  o.e.m.c.i.embedder.EclipseLogger - skip non existing resourceDirectory C:\InstallshieldPipeline\demoProject1\src\main\resources
2020-07-22 17:52:27,502 [Worker-0: Building] INFO  o.e.m.c.i.embedder.EclipseLogger - Using 'UTF-8' encoding to copy filtered resources.
2020-07-22 17:52:27,503 [Worker-0: Building] INFO  o.e.m.c.i.embedder.EclipseLogger - skip non existing resourceDirectory C:\InstallshieldPipeline\demoProject1\src\test\resources
2020-07-22 17:52:39,314 [Worker-9: Launching demoProject1 (1)] INFO  o.e.m.i.launch.MavenLaunchDelegate - C:\InstallshieldPipeline\demoProject1
2020-07-22 17:52:39,315 [Worker-9: Launching demoProject1 (1)] INFO  o.e.m.i.launch.MavenLaunchDelegate -  mvn -B compile
2020-07-22 17:52:54,509 [Worker-5: Launching demoProject1] INFO  o.e.m.i.launch.MavenLaunchDelegate - C:\InstallshieldPipeline\demoProject1
2020-07-22 17:52:54,509 [Worker-5: Launching demoProject1] INFO  o.e.m.i.launch.MavenLaunchDelegate -  mvn -B install
2020-07-22 17:54:19,462 [main] INFO  o.e.m2e.actions.ExecutePomAction - Creating new launch configuration
2020-07-22 17:54:32,198 [Worker-4: Launching demoProject1 (2)] INFO  o.e.m.i.launch.MavenLaunchDelegate - C:\InstallshieldPipeline\demoProject1
2020-07-22 17:54:32,198 [Worker-4: Launching demoProject1 (2)] INFO  o.e.m.i.launch.MavenLaunchDelegate -  mvn -B clean package
2020-07-22 17:55:43,504 [Worker-4: Building] INFO  o.e.m.c.i.embedder.EclipseLogger - Using 'UTF-8' encoding to copy filtered resources.
2020-07-22 17:55:43,505 [Worker-4: Building] INFO  o.e.m.c.i.embedder.EclipseLogger - skip non existing resourceDirectory C:\InstallshieldPipeline\demoProject1\src\main\resources
2020-07-22 17:55:43,508 [Worker-4: Building] INFO  o.e.m.c.i.embedder.EclipseLogger - Using 'UTF-8' encoding to copy filtered resources.
2020-07-22 17:55:43,508 [Worker-4: Building] INFO  o.e.m.c.i.embedder.EclipseLogger - skip non existing resourceDirectory C:\InstallshieldPipeline\demoProject1\src\test\resources
2020-07-22 17:55:44,552 [Worker-2: Building] INFO  o.e.m.c.i.embedder.EclipseLogger - Using 'UTF-8' encoding to copy filtered resources.
2020-07-22 17:55:44,552 [Worker-2: Building] INFO  o.e.m.c.i.embedder.EclipseLogger - skip non existing resourceDirectory C:\InstallshieldPipeline\demoProject1\src\main\resources
2020-07-22 17:55:44,554 [Worker-2: Building] INFO  o.e.m.c.i.embedder.EclipseLogger - Using 'UTF-8' encoding to copy filtered resources.
2020-07-22 17:55:44,555 [Worker-2: Building] INFO  o.e.m.c.i.embedder.EclipseLogger - skip non existing resourceDirectory C:\InstallshieldPipeline\demoProject1\src\test\resources
